-- The C compiler identification is GNU 9.3.0
-- The CXX compiler identification is GNU 9.3.0
-- Check for working C compiler: /usr/bin/cc
-- Check for working C compiler: /usr/bin/cc -- works
-- Detecting C compiler ABI info
-- Detecting C compiler ABI info - done
-- Detecting C compile features
-- Detecting C compile features - done
-- Check for working CXX compiler: /usr/bin/c++
-- Check for working CXX compiler: /usr/bin/c++ -- works
-- Detecting CXX compiler ABI info
-- Detecting CXX compiler ABI info - done
-- Detecting CXX compile features
-- Detecting CXX compile features - done
-- Found ament_cmake: 0.9.8 (/opt/ros/foxy/share/ament_cmake/cmake)
-- Found PythonInterp: /usr/bin/python3 (found suitable version "3.8.5", minimum required is "3") 
-- Using PYTHON_EXECUTABLE: /usr/bin/python3
-- Found ament_cmake_ros: 0.9.0 (/opt/ros/foxy/share/ament_cmake_ros/cmake)
-- Found rclcpp: 2.3.0 (/opt/ros/foxy/share/rclcpp/cmake)
-- Using all available rosidl_typesupport_c: rosidl_typesupport_fastrtps_c;rosidl_typesupport_introspection_c
-- Found rosidl_adapter: 1.2.0 (/opt/ros/foxy/share/rosidl_adapter/cmake)
-- Found OpenSSL: /usr/lib/x86_64-linux-gnu/libcrypto.so (found version "1.1.1f")  
-- Found FastRTPS: /opt/ros/foxy/include  
-- Using all available rosidl_typesupport_cpp: rosidl_typesupport_fastrtps_cpp;rosidl_typesupport_introspection_cpp
-- Found rmw_implementation_cmake: 1.0.2 (/opt/ros/foxy/share/rmw_implementation_cmake/cmake)
-- Using RMW implementation 'rmw_fastrtps_cpp' as default
-- Looking for pthread.h
-- Looking for pthread.h - found
-- Performing Test CMAKE_HAVE_LIBC_PTHREAD
-- Performing Test CMAKE_HAVE_LIBC_PTHREAD - Failed
-- Looking for pthread_create in pthreads
-- Looking for pthread_create in pthreads - not found
-- Looking for pthread_create in pthread
-- Looking for pthread_create in pthread - found
-- Found Threads: TRUE  
-- Found rclcpp_components: 2.3.0 (/opt/ros/foxy/share/rclcpp_components/cmake)
-- Found ament_lint_auto: 0.9.6 (/opt/ros/foxy/share/ament_lint_auto/cmake)
-- Added test 'copyright' to check source files copyright and LICENSE
-- Added test 'cppcheck' to perform static code analysis on C / C++ code
-- Configured cppcheck include dirs: /home/ikenna/videoSummarization/compute_pool_pkg/include;$<BUILD_INTERFACE:/home/ikenna/videoSummarization/compute_pool_pkg/include>
-- Configured cppcheck exclude dirs and/or files: 
-- Added test 'cpplint' to check C / C++ code against the Google style
-- Configured cpplint exclude dirs and/or files: 
-- Added test 'lint_cmake' to check CMake code style
-- Added test 'uncrustify' to check C / C++ code style
-- Configured uncrustify additional arguments: 
-- Added test 'xmllint' to check XML markup files
-- Configuring done
-- Generating done
-- Build files have been written to: /home/ikenna/videoSummarization/compute_pool_pkg/build/compute_pool
[35m[1mScanning dependencies of target onnx_yolov3[0m
[ 16%] [32mBuilding CXX object CMakeFiles/onnx_yolov3.dir/src/compute_pool/onnx_yolov3.cpp.o[0m
[01m[K/home/ikenna/videoSummarization/compute_pool_pkg/src/compute_pool/onnx_yolov3.cpp:[m[K In constructor ‘[01m[Kcompute_pool::OnnxYOLOv3::OnnxYOLOv3(const rclcpp::NodeOptions&)[m[K’:
[01m[K/home/ikenna/videoSummarization/compute_pool_pkg/src/compute_pool/onnx_yolov3.cpp:7:65:[m[K [01;35m[Kwarning: [m[Kunused parameter ‘[01m[Koptions[m[K’ [[01;35m[K-Wunused-parameter[m[K]
    7 | compute_pool::OnnxYOLOv3::OnnxYOLOv3([01;35m[Kconst rclcpp::NodeOptions& options[m[K)
      |                                      [01;35m[K~~~~~~~~~~~~~~~~~~~~~~~~~~~^~~~~~~[m[K
[ 33%] [32m[1mLinking CXX shared library libonnx_yolov3.so[0m
[ 33%] Built target onnx_yolov3
[35m[1mScanning dependencies of target compute_job[0m
[ 50%] [32mBuilding CXX object CMakeFiles/compute_job.dir/src/compute_pool/compute_job.cpp.o[0m
[ 66%] [32m[1mLinking CXX shared library libcompute_job.so[0m
[ 66%] Built target compute_job
[35m[1mScanning dependencies of target compute_orch[0m
[ 83%] [32mBuilding CXX object CMakeFiles/compute_orch.dir/src/compute_pool/compute_orch.cpp.o[0m
[01m[K/home/ikenna/videoSummarization/compute_pool_pkg/src/compute_pool/compute_orch.cpp:[m[K In constructor ‘[01m[Kcompute_pool::ComputeOrch::ComputeOrch(const rclcpp::NodeOptions&)[m[K’:
[01m[K/home/ikenna/videoSummarization/compute_pool_pkg/src/compute_pool/compute_orch.cpp:7:67:[m[K [01;35m[Kwarning: [m[Kunused parameter ‘[01m[Koptions[m[K’ [[01;35m[K-Wunused-parameter[m[K]
    7 | compute_pool::ComputeOrch::ComputeOrch([01;35m[Kconst rclcpp::NodeOptions& options[m[K)
      |                                        [01;35m[K~~~~~~~~~~~~~~~~~~~~~~~~~~~^~~~~~~[m[K
[100%] [32m[1mLinking CXX shared library libcompute_orch.so[0m
[100%] Built target compute_orch
-- Install configuration: "RelWithDebInfo"
-- Installing: /home/ikenna/videoSummarization/compute_pool_pkg/install/compute_pool/include
-- Installing: /home/ikenna/videoSummarization/compute_pool_pkg/install/compute_pool/include/compute_pool
-- Installing: /home/ikenna/videoSummarization/compute_pool_pkg/install/compute_pool/include/compute_pool/compute_job.hpp
-- Installing: /home/ikenna/videoSummarization/compute_pool_pkg/install/compute_pool/include/compute_pool/compute_orch.hpp
-- Installing: /home/ikenna/videoSummarization/compute_pool_pkg/install/compute_pool/include/compute_pool/onnx_yolov3.hpp
-- Installing: /home/ikenna/videoSummarization/compute_pool_pkg/install/compute_pool/include/compute_pool/visibility_control.h
-- Installing: /home/ikenna/videoSummarization/compute_pool_pkg/install/compute_pool/lib/libcompute_job.so
-- Installing: /home/ikenna/videoSummarization/compute_pool_pkg/install/compute_pool/lib/libcompute_orch.so
-- Set runtime path of "/home/ikenna/videoSummarization/compute_pool_pkg/install/compute_pool/lib/libcompute_orch.so" to ""
-- Installing: /home/ikenna/videoSummarization/compute_pool_pkg/install/compute_pool/lib/libonnx_yolov3.so
-- Set runtime path of "/home/ikenna/videoSummarization/compute_pool_pkg/install/compute_pool/lib/libonnx_yolov3.so" to ""
-- Installing: /home/ikenna/videoSummarization/compute_pool_pkg/install/compute_pool/share/compute_pool/environment/library_path.sh
-- Installing: /home/ikenna/videoSummarization/compute_pool_pkg/install/compute_pool/share/compute_pool/environment/library_path.dsv
-- Installing: /home/ikenna/videoSummarization/compute_pool_pkg/install/compute_pool/share/ament_index/resource_index/package_run_dependencies/compute_pool
-- Installing: /home/ikenna/videoSummarization/compute_pool_pkg/install/compute_pool/share/ament_index/resource_index/parent_prefix_path/compute_pool
-- Installing: /home/ikenna/videoSummarization/compute_pool_pkg/install/compute_pool/share/compute_pool/environment/ament_prefix_path.sh
-- Installing: /home/ikenna/videoSummarization/compute_pool_pkg/install/compute_pool/share/compute_pool/environment/ament_prefix_path.dsv
-- Installing: /home/ikenna/videoSummarization/compute_pool_pkg/install/compute_pool/share/compute_pool/environment/path.sh
-- Installing: /home/ikenna/videoSummarization/compute_pool_pkg/install/compute_pool/share/compute_pool/environment/path.dsv
-- Installing: /home/ikenna/videoSummarization/compute_pool_pkg/install/compute_pool/share/compute_pool/local_setup.bash
-- Installing: /home/ikenna/videoSummarization/compute_pool_pkg/install/compute_pool/share/compute_pool/local_setup.sh
-- Installing: /home/ikenna/videoSummarization/compute_pool_pkg/install/compute_pool/share/compute_pool/local_setup.zsh
-- Installing: /home/ikenna/videoSummarization/compute_pool_pkg/install/compute_pool/share/compute_pool/local_setup.dsv
-- Installing: /home/ikenna/videoSummarization/compute_pool_pkg/install/compute_pool/share/compute_pool/package.dsv
-- Installing: /home/ikenna/videoSummarization/compute_pool_pkg/install/compute_pool/share/ament_index/resource_index/packages/compute_pool
-- Installing: /home/ikenna/videoSummarization/compute_pool_pkg/install/compute_pool/share/ament_index/resource_index/rclcpp_components/compute_pool
-- Installing: /home/ikenna/videoSummarization/compute_pool_pkg/install/compute_pool/share/compute_pool/cmake/export_compute_poolExport.cmake
-- Installing: /home/ikenna/videoSummarization/compute_pool_pkg/install/compute_pool/share/compute_pool/cmake/export_compute_poolExport-relwithdebinfo.cmake
-- Installing: /home/ikenna/videoSummarization/compute_pool_pkg/install/compute_pool/share/compute_pool/cmake/ament_cmake_export_include_directories-extras.cmake
-- Installing: /home/ikenna/videoSummarization/compute_pool_pkg/install/compute_pool/share/compute_pool/cmake/ament_cmake_export_libraries-extras.cmake
-- Installing: /home/ikenna/videoSummarization/compute_pool_pkg/install/compute_pool/share/compute_pool/cmake/ament_cmake_export_targets-extras.cmake
-- Installing: /home/ikenna/videoSummarization/compute_pool_pkg/install/compute_pool/share/compute_pool/cmake/compute_poolConfig.cmake
-- Installing: /home/ikenna/videoSummarization/compute_pool_pkg/install/compute_pool/share/compute_pool/cmake/compute_poolConfig-version.cmake
-- Installing: /home/ikenna/videoSummarization/compute_pool_pkg/install/compute_pool/share/compute_pool/package.xml
