[0.021s] Invoking command in '/home/ikenna/videoSummarization/compute_pool_pkg/build/compute_pool': CMAKE_PREFIX_PATH=${CMAKE_PREFIX_PATH}:/opt/ros/foxy /usr/bin/cmake /home/ikenna/videoSummarization/compute_pool_pkg -DCMAKE_BUILD_TYPE=RelWithDebInfo -DCMAKE_INSTALL_PREFIX=/home/ikenna/videoSummarization/compute_pool_pkg/install/compute_pool
[0.083s] -- The C compiler identification is GNU 9.3.0
[0.139s] -- The CXX compiler identification is GNU 9.3.0
[0.144s] -- Check for working C compiler: /usr/bin/cc
[0.227s] -- Check for working C compiler: /usr/bin/cc -- works
[0.228s] -- Detecting C compiler ABI info
[0.305s] -- Detecting C compiler ABI info - done
[0.316s] -- Detecting C compile features
[0.316s] -- Detecting C compile features - done
[0.319s] -- Check for working CXX compiler: /usr/bin/c++
[0.411s] -- Check for working CXX compiler: /usr/bin/c++ -- works
[0.412s] -- Detecting CXX compiler ABI info
[0.505s] -- Detecting CXX compiler ABI info - done
[0.517s] -- Detecting CXX compile features
[0.517s] -- Detecting CXX compile features - done
[0.519s] -- Found ament_cmake: 0.9.8 (/opt/ros/foxy/share/ament_cmake/cmake)
[0.545s] -- Found PythonInterp: /usr/bin/python3 (found suitable version "3.8.5", minimum required is "3") 
[0.545s] -- Using PYTHON_EXECUTABLE: /usr/bin/python3
[0.736s] -- Found ament_cmake_ros: 0.9.0 (/opt/ros/foxy/share/ament_cmake_ros/cmake)
[0.743s] -- Found rclcpp: 2.3.0 (/opt/ros/foxy/share/rclcpp/cmake)
[0.788s] -- Using all available rosidl_typesupport_c: rosidl_typesupport_fastrtps_c;rosidl_typesupport_introspection_c
[0.796s] -- Found rosidl_adapter: 1.2.0 (/opt/ros/foxy/share/rosidl_adapter/cmake)
[0.897s] -- Found OpenSSL: /usr/lib/x86_64-linux-gnu/libcrypto.so (found version "1.1.1f")  
[0.931s] -- Found FastRTPS: /opt/ros/foxy/include  
[1.014s] -- Using all available rosidl_typesupport_cpp: rosidl_typesupport_fastrtps_cpp;rosidl_typesupport_introspection_cpp
[1.076s] -- Found rmw_implementation_cmake: 1.0.2 (/opt/ros/foxy/share/rmw_implementation_cmake/cmake)
[1.078s] -- Using RMW implementation 'rmw_fastrtps_cpp' as default
[1.079s] -- Looking for pthread.h
[1.161s] -- Looking for pthread.h - found
[1.162s] -- Performing Test CMAKE_HAVE_LIBC_PTHREAD
[1.248s] -- Performing Test CMAKE_HAVE_LIBC_PTHREAD - Failed
[1.248s] -- Looking for pthread_create in pthreads
[1.324s] -- Looking for pthread_create in pthreads - not found
[1.325s] -- Looking for pthread_create in pthread
[1.409s] -- Looking for pthread_create in pthread - found
[1.410s] -- Found Threads: TRUE  
[1.599s] -- Found rclcpp_components: 2.3.0 (/opt/ros/foxy/share/rclcpp_components/cmake)
[1.661s] -- Found ament_lint_auto: 0.9.6 (/opt/ros/foxy/share/ament_lint_auto/cmake)
[1.752s] -- Added test 'copyright' to check source files copyright and LICENSE
[1.756s] -- Added test 'cppcheck' to perform static code analysis on C / C++ code
[1.757s] -- Configured cppcheck include dirs: /home/ikenna/videoSummarization/compute_pool_pkg/include;$<BUILD_INTERFACE:/home/ikenna/videoSummarization/compute_pool_pkg/include>
[1.757s] -- Configured cppcheck exclude dirs and/or files: 
[1.760s] -- Added test 'cpplint' to check C / C++ code against the Google style
[1.760s] -- Configured cpplint exclude dirs and/or files: 
[1.762s] -- Added test 'lint_cmake' to check CMake code style
[1.766s] -- Added test 'uncrustify' to check C / C++ code style
[1.766s] -- Configured uncrustify additional arguments: 
[1.767s] -- Added test 'xmllint' to check XML markup files
[1.771s] -- Configuring done
[1.788s] -- Generating done
[1.790s] -- Build files have been written to: /home/ikenna/videoSummarization/compute_pool_pkg/build/compute_pool
[1.799s] Invoked command in '/home/ikenna/videoSummarization/compute_pool_pkg/build/compute_pool' returned '0': CMAKE_PREFIX_PATH=${CMAKE_PREFIX_PATH}:/opt/ros/foxy /usr/bin/cmake /home/ikenna/videoSummarization/compute_pool_pkg -DCMAKE_BUILD_TYPE=RelWithDebInfo -DCMAKE_INSTALL_PREFIX=/home/ikenna/videoSummarization/compute_pool_pkg/install/compute_pool
[1.803s] Invoking command in '/home/ikenna/videoSummarization/compute_pool_pkg/build/compute_pool': CMAKE_PREFIX_PATH=${CMAKE_PREFIX_PATH}:/opt/ros/foxy /usr/bin/cmake --build /home/ikenna/videoSummarization/compute_pool_pkg/build/compute_pool -- -j12 -l12
[1.852s] [35m[1mScanning dependencies of target onnx_yolov3[0m
[1.891s] [ 16%] [32mBuilding CXX object CMakeFiles/onnx_yolov3.dir/src/compute_pool/onnx_yolov3.cpp.o[0m
[3.476s] [01m[K/home/ikenna/videoSummarization/compute_pool_pkg/src/compute_pool/onnx_yolov3.cpp:[m[K In constructor ‘[01m[Kcompute_pool::OnnxYOLOv3::OnnxYOLOv3(const rclcpp::NodeOptions&)[m[K’:
[3.476s] [01m[K/home/ikenna/videoSummarization/compute_pool_pkg/src/compute_pool/onnx_yolov3.cpp:7:65:[m[K [01;35m[Kwarning: [m[Kunused parameter ‘[01m[Koptions[m[K’ [[01;35m[K-Wunused-parameter[m[K]
[3.476s]     7 | compute_pool::OnnxYOLOv3::OnnxYOLOv3([01;35m[Kconst rclcpp::NodeOptions& options[m[K)
[3.477s]       |                                      [01;35m[K~~~~~~~~~~~~~~~~~~~~~~~~~~~^~~~~~~[m[K
[12.594s] [ 33%] [32m[1mLinking CXX shared library libonnx_yolov3.so[0m
[12.786s] [ 33%] Built target onnx_yolov3
[12.799s] [35m[1mScanning dependencies of target compute_job[0m
[12.811s] [ 50%] [32mBuilding CXX object CMakeFiles/compute_job.dir/src/compute_pool/compute_job.cpp.o[0m
[12.840s] [ 66%] [32m[1mLinking CXX shared library libcompute_job.so[0m
[12.883s] [ 66%] Built target compute_job
[12.895s] [35m[1mScanning dependencies of target compute_orch[0m
[12.929s] [ 83%] [32mBuilding CXX object CMakeFiles/compute_orch.dir/src/compute_pool/compute_orch.cpp.o[0m
[14.355s] [01m[K/home/ikenna/videoSummarization/compute_pool_pkg/src/compute_pool/compute_orch.cpp:[m[K In constructor ‘[01m[Kcompute_pool::ComputeOrch::ComputeOrch(const rclcpp::NodeOptions&)[m[K’:
[14.355s] [01m[K/home/ikenna/videoSummarization/compute_pool_pkg/src/compute_pool/compute_orch.cpp:7:67:[m[K [01;35m[Kwarning: [m[Kunused parameter ‘[01m[Koptions[m[K’ [[01;35m[K-Wunused-parameter[m[K]
[14.355s]     7 | compute_pool::ComputeOrch::ComputeOrch([01;35m[Kconst rclcpp::NodeOptions& options[m[K)
[14.355s]       |                                        [01;35m[K~~~~~~~~~~~~~~~~~~~~~~~~~~~^~~~~~~[m[K
[23.327s] [100%] [32m[1mLinking CXX shared library libcompute_orch.so[0m
[23.503s] [100%] Built target compute_orch
[23.519s] Invoked command in '/home/ikenna/videoSummarization/compute_pool_pkg/build/compute_pool' returned '0': CMAKE_PREFIX_PATH=${CMAKE_PREFIX_PATH}:/opt/ros/foxy /usr/bin/cmake --build /home/ikenna/videoSummarization/compute_pool_pkg/build/compute_pool -- -j12 -l12
[23.579s] Invoking command in '/home/ikenna/videoSummarization/compute_pool_pkg/build/compute_pool': CMAKE_PREFIX_PATH=${CMAKE_PREFIX_PATH}:/opt/ros/foxy /usr/bin/cmake --install /home/ikenna/videoSummarization/compute_pool_pkg/build/compute_pool
[23.589s] -- Install configuration: "RelWithDebInfo"
[23.589s] -- Installing: /home/ikenna/videoSummarization/compute_pool_pkg/install/compute_pool/include
[23.589s] -- Installing: /home/ikenna/videoSummarization/compute_pool_pkg/install/compute_pool/include/compute_pool
[23.589s] -- Installing: /home/ikenna/videoSummarization/compute_pool_pkg/install/compute_pool/include/compute_pool/compute_job.hpp
[23.589s] -- Installing: /home/ikenna/videoSummarization/compute_pool_pkg/install/compute_pool/include/compute_pool/compute_orch.hpp
[23.590s] -- Installing: /home/ikenna/videoSummarization/compute_pool_pkg/install/compute_pool/include/compute_pool/onnx_yolov3.hpp
[23.590s] -- Installing: /home/ikenna/videoSummarization/compute_pool_pkg/install/compute_pool/include/compute_pool/visibility_control.h
[23.590s] -- Installing: /home/ikenna/videoSummarization/compute_pool_pkg/install/compute_pool/lib/libcompute_job.so
[23.590s] -- Installing: /home/ikenna/videoSummarization/compute_pool_pkg/install/compute_pool/lib/libcompute_orch.so
[23.596s] -- Set runtime path of "/home/ikenna/videoSummarization/compute_pool_pkg/install/compute_pool/lib/libcompute_orch.so" to ""
[23.597s] -- Installing: /home/ikenna/videoSummarization/compute_pool_pkg/install/compute_pool/lib/libonnx_yolov3.so
[23.603s] -- Set runtime path of "/home/ikenna/videoSummarization/compute_pool_pkg/install/compute_pool/lib/libonnx_yolov3.so" to ""
[23.603s] -- Installing: /home/ikenna/videoSummarization/compute_pool_pkg/install/compute_pool/share/compute_pool/environment/library_path.sh
[23.604s] -- Installing: /home/ikenna/videoSummarization/compute_pool_pkg/install/compute_pool/share/compute_pool/environment/library_path.dsv
[23.604s] -- Installing: /home/ikenna/videoSummarization/compute_pool_pkg/install/compute_pool/share/ament_index/resource_index/package_run_dependencies/compute_pool
[23.604s] -- Installing: /home/ikenna/videoSummarization/compute_pool_pkg/install/compute_pool/share/ament_index/resource_index/parent_prefix_path/compute_pool
[23.604s] -- Installing: /home/ikenna/videoSummarization/compute_pool_pkg/install/compute_pool/share/compute_pool/environment/ament_prefix_path.sh
[23.604s] -- Installing: /home/ikenna/videoSummarization/compute_pool_pkg/install/compute_pool/share/compute_pool/environment/ament_prefix_path.dsv
[23.604s] -- Installing: /home/ikenna/videoSummarization/compute_pool_pkg/install/compute_pool/share/compute_pool/environment/path.sh
[23.604s] -- Installing: /home/ikenna/videoSummarization/compute_pool_pkg/install/compute_pool/share/compute_pool/environment/path.dsv
[23.605s] -- Installing: /home/ikenna/videoSummarization/compute_pool_pkg/install/compute_pool/share/compute_pool/local_setup.bash
[23.605s] -- Installing: /home/ikenna/videoSummarization/compute_pool_pkg/install/compute_pool/share/compute_pool/local_setup.sh
[23.605s] -- Installing: /home/ikenna/videoSummarization/compute_pool_pkg/install/compute_pool/share/compute_pool/local_setup.zsh
[23.605s] -- Installing: /home/ikenna/videoSummarization/compute_pool_pkg/install/compute_pool/share/compute_pool/local_setup.dsv
[23.605s] -- Installing: /home/ikenna/videoSummarization/compute_pool_pkg/install/compute_pool/share/compute_pool/package.dsv
[23.605s] -- Installing: /home/ikenna/videoSummarization/compute_pool_pkg/install/compute_pool/share/ament_index/resource_index/packages/compute_pool
[23.606s] -- Installing: /home/ikenna/videoSummarization/compute_pool_pkg/install/compute_pool/share/ament_index/resource_index/rclcpp_components/compute_pool
[23.606s] -- Installing: /home/ikenna/videoSummarization/compute_pool_pkg/install/compute_pool/share/compute_pool/cmake/export_compute_poolExport.cmake
[23.606s] -- Installing: /home/ikenna/videoSummarization/compute_pool_pkg/install/compute_pool/share/compute_pool/cmake/export_compute_poolExport-relwithdebinfo.cmake
[23.606s] -- Installing: /home/ikenna/videoSummarization/compute_pool_pkg/install/compute_pool/share/compute_pool/cmake/ament_cmake_export_include_directories-extras.cmake
[23.606s] -- Installing: /home/ikenna/videoSummarization/compute_pool_pkg/install/compute_pool/share/compute_pool/cmake/ament_cmake_export_libraries-extras.cmake
[23.606s] -- Installing: /home/ikenna/videoSummarization/compute_pool_pkg/install/compute_pool/share/compute_pool/cmake/ament_cmake_export_targets-extras.cmake
[23.606s] -- Installing: /home/ikenna/videoSummarization/compute_pool_pkg/install/compute_pool/share/compute_pool/cmake/compute_poolConfig.cmake
[23.607s] -- Installing: /home/ikenna/videoSummarization/compute_pool_pkg/install/compute_pool/share/compute_pool/cmake/compute_poolConfig-version.cmake
[23.607s] -- Installing: /home/ikenna/videoSummarization/compute_pool_pkg/install/compute_pool/share/compute_pool/package.xml
[23.609s] Invoked command in '/home/ikenna/videoSummarization/compute_pool_pkg/build/compute_pool' returned '0': CMAKE_PREFIX_PATH=${CMAKE_PREFIX_PATH}:/opt/ros/foxy /usr/bin/cmake --install /home/ikenna/videoSummarization/compute_pool_pkg/build/compute_pool
