[0.169s] DEBUG:colcon:Command line arguments: ['/usr/bin/colcon', 'build', '--cmake-args', '-DCMAKE_BUILD_TYPE=RelWithDebInfo']
[0.169s] DEBUG:colcon:Parsed command line arguments: Namespace(ament_cmake_args=None, base_paths=['.'], build_base='build', catkin_cmake_args=None, catkin_skip_building_tests=False, cmake_args=['-DCMAKE_BUILD_TYPE=RelWithDebInfo'], cmake_clean_cache=False, cmake_clean_first=False, cmake_force_configure=False, cmake_target=None, cmake_target_skip_unavailable=False, continue_on_error=False, event_handlers=None, executor='parallel', ignore_user_meta=False, install_base='install', log_base=None, log_level=None, main=<bound method BuildVerb.main of <colcon_core.verb.build.BuildVerb object at 0x7f64d064d640>>, merge_install=False, metas=['./colcon.meta'], packages_above=None, packages_above_and_dependencies=None, packages_above_depth=None, packages_end=None, packages_ignore=None, packages_ignore_regex=None, packages_select=None, packages_select_build_failed=False, packages_select_by_dep=None, packages_select_regex=None, packages_select_test_failures=False, packages_skip=None, packages_skip_build_finished=False, packages_skip_by_dep=None, packages_skip_regex=None, packages_skip_test_passed=False, packages_skip_up_to=None, packages_start=None, packages_up_to=None, packages_up_to_regex=None, parallel_workers=12, paths=None, symlink_install=False, test_result_base=None, verb_extension=<colcon_core.verb.build.BuildVerb object at 0x7f64d064d640>, verb_name='build', verb_parser=<colcon_defaults.argument_parser.defaults.DefaultArgumentsDecorator object at 0x7f64d064db80>)
[0.174s] Level 1:colcon.colcon_core.package_discovery:discover_packages(colcon_meta) check parameters
[0.174s] Level 1:colcon.colcon_core.package_discovery:discover_packages(recursive) check parameters
[0.174s] Level 1:colcon.colcon_core.package_discovery:discover_packages(ignore) check parameters
[0.174s] Level 1:colcon.colcon_core.package_discovery:discover_packages(path) check parameters
[0.175s] Level 1:colcon.colcon_core.package_discovery:discover_packages(colcon_meta) discover
[0.175s] Level 1:colcon.colcon_core.package_discovery:discover_packages(recursive) discover
[0.175s] INFO:colcon.colcon_core.package_discovery:Crawling recursively for packages in '/home/ikenna/videoSummarization/compute_pool_pkg'
[0.175s] Level 1:colcon.colcon_core.package_identification:_identify(.) by extensions ['ignore', 'ignore_ament_install']
[0.175s] Level 1:colcon.colcon_core.package_identification:_identify(.) by extension 'ignore'
[0.175s] Level 1:colcon.colcon_core.package_identification:_identify(.) by extension 'ignore_ament_install'
[0.175s] Level 1:colcon.colcon_core.package_identification:_identify(.) by extensions ['colcon_pkg']
[0.175s] Level 1:colcon.colcon_core.package_identification:_identify(.) by extension 'colcon_pkg'
[0.175s] Level 1:colcon.colcon_core.package_identification:_identify(.) by extensions ['colcon_meta']
[0.175s] Level 1:colcon.colcon_core.package_identification:_identify(.) by extension 'colcon_meta'
[0.175s] Level 1:colcon.colcon_core.package_identification:_identify(.) by extensions ['ros']
[0.175s] Level 1:colcon.colcon_core.package_identification:_identify(.) by extension 'ros'
[0.188s] DEBUG:colcon.colcon_core.package_identification:Package '.' with type 'ros.ament_cmake' and name 'compute_pool'
[0.188s] Level 1:colcon.colcon_core.package_discovery:discover_packages(recursive) using defaults
[0.188s] Level 1:colcon.colcon_core.package_discovery:discover_packages(ignore) discover
[0.188s] Level 1:colcon.colcon_core.package_discovery:discover_packages(ignore) using defaults
[0.188s] Level 1:colcon.colcon_core.package_discovery:discover_packages(path) discover
[0.188s] Level 1:colcon.colcon_core.package_discovery:discover_packages(path) using defaults
[0.208s] Level 5:colcon.colcon_core.verb:set package 'compute_pool' build argument 'cmake_args' from command line to '['-DCMAKE_BUILD_TYPE=RelWithDebInfo']'
[0.208s] Level 5:colcon.colcon_core.verb:set package 'compute_pool' build argument 'cmake_target' from command line to 'None'
[0.208s] Level 5:colcon.colcon_core.verb:set package 'compute_pool' build argument 'cmake_target_skip_unavailable' from command line to 'False'
[0.208s] Level 5:colcon.colcon_core.verb:set package 'compute_pool' build argument 'cmake_clean_cache' from command line to 'False'
[0.208s] Level 5:colcon.colcon_core.verb:set package 'compute_pool' build argument 'cmake_clean_first' from command line to 'False'
[0.208s] Level 5:colcon.colcon_core.verb:set package 'compute_pool' build argument 'cmake_force_configure' from command line to 'False'
[0.208s] Level 5:colcon.colcon_core.verb:set package 'compute_pool' build argument 'ament_cmake_args' from command line to 'None'
[0.208s] Level 5:colcon.colcon_core.verb:set package 'compute_pool' build argument 'catkin_cmake_args' from command line to 'None'
[0.209s] Level 5:colcon.colcon_core.verb:set package 'compute_pool' build argument 'catkin_skip_building_tests' from command line to 'False'
[0.209s] DEBUG:colcon.colcon_core.verb:Building package 'compute_pool' with the following arguments: {'ament_cmake_args': None, 'build_base': '/home/ikenna/videoSummarization/compute_pool_pkg/build/compute_pool', 'catkin_cmake_args': None, 'catkin_skip_building_tests': False, 'cmake_args': ['-DCMAKE_BUILD_TYPE=RelWithDebInfo'], 'cmake_clean_cache': False, 'cmake_clean_first': False, 'cmake_force_configure': False, 'cmake_target': None, 'cmake_target_skip_unavailable': False, 'install_base': '/home/ikenna/videoSummarization/compute_pool_pkg/install/compute_pool', 'merge_install': False, 'path': '/home/ikenna/videoSummarization/compute_pool_pkg', 'symlink_install': False, 'test_result_base': None}
[0.209s] INFO:colcon.colcon_core.executor:Executing jobs using 'parallel' executor
[0.211s] DEBUG:colcon.colcon_parallel_executor.executor.parallel:run_until_complete
[0.211s] INFO:colcon.colcon_ros.task.ament_cmake.build:Building ROS package in '/home/ikenna/videoSummarization/compute_pool_pkg' with build type 'ament_cmake'
[0.212s] INFO:colcon.colcon_cmake.task.cmake.build:Building CMake package in '/home/ikenna/videoSummarization/compute_pool_pkg'
[0.216s] INFO:colcon.colcon_core.plugin_system:Skipping extension 'colcon_core.shell.bat': Not used on non-Windows systems
[0.216s] INFO:colcon.colcon_core.shell:Skip shell extension 'powershell' for command environment: Not usable outside of PowerShell
[0.216s] DEBUG:colcon.colcon_core.shell:Skip shell extension 'dsv' for command environment
[0.219s] DEBUG:colcon.colcon_core.shell:Ignoring prefix path '/opt/ros/foxy'
[0.232s] DEBUG:colcon.colcon_core.event_handler.log_command:Invoking command in '/home/ikenna/videoSummarization/compute_pool_pkg/build/compute_pool': CMAKE_PREFIX_PATH=${CMAKE_PREFIX_PATH}:/opt/ros/foxy /usr/bin/cmake /home/ikenna/videoSummarization/compute_pool_pkg -DCMAKE_BUILD_TYPE=RelWithDebInfo -DCMAKE_INSTALL_PREFIX=/home/ikenna/videoSummarization/compute_pool_pkg/install/compute_pool
[2.011s] DEBUG:colcon.colcon_core.event_handler.log_command:Invoked command in '/home/ikenna/videoSummarization/compute_pool_pkg/build/compute_pool' returned '0': CMAKE_PREFIX_PATH=${CMAKE_PREFIX_PATH}:/opt/ros/foxy /usr/bin/cmake /home/ikenna/videoSummarization/compute_pool_pkg -DCMAKE_BUILD_TYPE=RelWithDebInfo -DCMAKE_INSTALL_PREFIX=/home/ikenna/videoSummarization/compute_pool_pkg/install/compute_pool
[2.015s] DEBUG:colcon.colcon_core.event_handler.log_command:Invoking command in '/home/ikenna/videoSummarization/compute_pool_pkg/build/compute_pool': CMAKE_PREFIX_PATH=${CMAKE_PREFIX_PATH}:/opt/ros/foxy /usr/bin/cmake --build /home/ikenna/videoSummarization/compute_pool_pkg/build/compute_pool -- -j12 -l12
[23.731s] DEBUG:colcon.colcon_core.event_handler.log_command:Invoked command in '/home/ikenna/videoSummarization/compute_pool_pkg/build/compute_pool' returned '0': CMAKE_PREFIX_PATH=${CMAKE_PREFIX_PATH}:/opt/ros/foxy /usr/bin/cmake --build /home/ikenna/videoSummarization/compute_pool_pkg/build/compute_pool -- -j12 -l12
[23.791s] DEBUG:colcon.colcon_core.event_handler.log_command:Invoking command in '/home/ikenna/videoSummarization/compute_pool_pkg/build/compute_pool': CMAKE_PREFIX_PATH=${CMAKE_PREFIX_PATH}:/opt/ros/foxy /usr/bin/cmake --install /home/ikenna/videoSummarization/compute_pool_pkg/build/compute_pool
[23.820s] Level 1:colcon.colcon_core.environment:create_environment_scripts_only(compute_pool)
[23.821s] DEBUG:colcon.colcon_core.event_handler.log_command:Invoked command in '/home/ikenna/videoSummarization/compute_pool_pkg/build/compute_pool' returned '0': CMAKE_PREFIX_PATH=${CMAKE_PREFIX_PATH}:/opt/ros/foxy /usr/bin/cmake --install /home/ikenna/videoSummarization/compute_pool_pkg/build/compute_pool
[23.824s] Level 1:colcon.colcon_core.environment:checking '/home/ikenna/videoSummarization/compute_pool_pkg/install/compute_pool' for CMake module files
[23.824s] Level 1:colcon.colcon_core.environment:checking '/home/ikenna/videoSummarization/compute_pool_pkg/install/compute_pool' for CMake config files
[23.824s] Level 1:colcon.colcon_core.shell:create_environment_hook('compute_pool', 'cmake_prefix_path')
[23.825s] INFO:colcon.colcon_core.shell:Creating environment hook '/home/ikenna/videoSummarization/compute_pool_pkg/install/compute_pool/share/compute_pool/hook/cmake_prefix_path.ps1'
[23.825s] INFO:colcon.colcon_core.shell:Creating environment descriptor '/home/ikenna/videoSummarization/compute_pool_pkg/install/compute_pool/share/compute_pool/hook/cmake_prefix_path.dsv'
[23.826s] INFO:colcon.colcon_core.shell:Creating environment hook '/home/ikenna/videoSummarization/compute_pool_pkg/install/compute_pool/share/compute_pool/hook/cmake_prefix_path.sh'
[23.827s] Level 1:colcon.colcon_core.environment:checking '/home/ikenna/videoSummarization/compute_pool_pkg/install/compute_pool/lib'
[23.827s] Level 1:colcon.colcon_core.shell:create_environment_hook('compute_pool', 'ld_library_path_lib')
[23.827s] INFO:colcon.colcon_core.shell:Creating environment hook '/home/ikenna/videoSummarization/compute_pool_pkg/install/compute_pool/share/compute_pool/hook/ld_library_path_lib.ps1'
[23.828s] INFO:colcon.colcon_core.shell:Creating environment descriptor '/home/ikenna/videoSummarization/compute_pool_pkg/install/compute_pool/share/compute_pool/hook/ld_library_path_lib.dsv'
[23.828s] INFO:colcon.colcon_core.shell:Creating environment hook '/home/ikenna/videoSummarization/compute_pool_pkg/install/compute_pool/share/compute_pool/hook/ld_library_path_lib.sh'
[23.828s] Level 1:colcon.colcon_core.environment:checking '/home/ikenna/videoSummarization/compute_pool_pkg/install/compute_pool/bin'
[23.828s] Level 1:colcon.colcon_core.environment:checking '/home/ikenna/videoSummarization/compute_pool_pkg/install/compute_pool/lib/pkgconfig/compute_pool.pc'
[23.828s] Level 1:colcon.colcon_core.environment:checking '/home/ikenna/videoSummarization/compute_pool_pkg/install/compute_pool/lib/python3.8/site-packages'
[23.829s] INFO:colcon.colcon_core.shell:Creating package script '/home/ikenna/videoSummarization/compute_pool_pkg/install/compute_pool/share/compute_pool/package.ps1'
[23.830s] INFO:colcon.colcon_core.shell:Creating package descriptor '/home/ikenna/videoSummarization/compute_pool_pkg/install/compute_pool/share/compute_pool/package.dsv'
[23.830s] INFO:colcon.colcon_core.shell:Creating package script '/home/ikenna/videoSummarization/compute_pool_pkg/install/compute_pool/share/compute_pool/package.sh'
[23.831s] INFO:colcon.colcon_core.shell:Creating package script '/home/ikenna/videoSummarization/compute_pool_pkg/install/compute_pool/share/compute_pool/package.bash'
[23.831s] INFO:colcon.colcon_core.shell:Creating package script '/home/ikenna/videoSummarization/compute_pool_pkg/install/compute_pool/share/compute_pool/package.zsh'
[23.832s] Level 1:colcon.colcon_core.environment:create_file_with_runtime_dependencies(/home/ikenna/videoSummarization/compute_pool_pkg/install/compute_pool/share/colcon-core/packages/compute_pool)
[23.879s] Level 1:colcon.colcon_core.environment:create_environment_scripts_only(compute_pool)
[23.880s] Level 1:colcon.colcon_core.environment:checking '/home/ikenna/videoSummarization/compute_pool_pkg/install/compute_pool' for CMake module files
[23.880s] Level 1:colcon.colcon_core.environment:checking '/home/ikenna/videoSummarization/compute_pool_pkg/install/compute_pool' for CMake config files
[23.881s] Level 1:colcon.colcon_core.shell:create_environment_hook('compute_pool', 'cmake_prefix_path')
[23.881s] INFO:colcon.colcon_core.shell:Creating environment hook '/home/ikenna/videoSummarization/compute_pool_pkg/install/compute_pool/share/compute_pool/hook/cmake_prefix_path.ps1'
[23.882s] INFO:colcon.colcon_core.shell:Creating environment descriptor '/home/ikenna/videoSummarization/compute_pool_pkg/install/compute_pool/share/compute_pool/hook/cmake_prefix_path.dsv'
[23.882s] INFO:colcon.colcon_core.shell:Creating environment hook '/home/ikenna/videoSummarization/compute_pool_pkg/install/compute_pool/share/compute_pool/hook/cmake_prefix_path.sh'
[23.882s] Level 1:colcon.colcon_core.environment:checking '/home/ikenna/videoSummarization/compute_pool_pkg/install/compute_pool/lib'
[23.883s] Level 1:colcon.colcon_core.shell:create_environment_hook('compute_pool', 'ld_library_path_lib')
[23.883s] INFO:colcon.colcon_core.shell:Creating environment hook '/home/ikenna/videoSummarization/compute_pool_pkg/install/compute_pool/share/compute_pool/hook/ld_library_path_lib.ps1'
[23.883s] INFO:colcon.colcon_core.shell:Creating environment descriptor '/home/ikenna/videoSummarization/compute_pool_pkg/install/compute_pool/share/compute_pool/hook/ld_library_path_lib.dsv'
[23.884s] INFO:colcon.colcon_core.shell:Creating environment hook '/home/ikenna/videoSummarization/compute_pool_pkg/install/compute_pool/share/compute_pool/hook/ld_library_path_lib.sh'
[23.884s] Level 1:colcon.colcon_core.environment:checking '/home/ikenna/videoSummarization/compute_pool_pkg/install/compute_pool/bin'
[23.884s] Level 1:colcon.colcon_core.environment:checking '/home/ikenna/videoSummarization/compute_pool_pkg/install/compute_pool/lib/pkgconfig/compute_pool.pc'
[23.884s] Level 1:colcon.colcon_core.environment:checking '/home/ikenna/videoSummarization/compute_pool_pkg/install/compute_pool/lib/python3.8/site-packages'
[23.885s] INFO:colcon.colcon_core.shell:Creating package script '/home/ikenna/videoSummarization/compute_pool_pkg/install/compute_pool/share/compute_pool/package.ps1'
[23.885s] INFO:colcon.colcon_core.shell:Creating package descriptor '/home/ikenna/videoSummarization/compute_pool_pkg/install/compute_pool/share/compute_pool/package.dsv'
[23.886s] INFO:colcon.colcon_core.shell:Creating package script '/home/ikenna/videoSummarization/compute_pool_pkg/install/compute_pool/share/compute_pool/package.sh'
[23.886s] INFO:colcon.colcon_core.shell:Creating package script '/home/ikenna/videoSummarization/compute_pool_pkg/install/compute_pool/share/compute_pool/package.bash'
[23.886s] INFO:colcon.colcon_core.shell:Creating package script '/home/ikenna/videoSummarization/compute_pool_pkg/install/compute_pool/share/compute_pool/package.zsh'
[23.887s] Level 1:colcon.colcon_core.environment:create_file_with_runtime_dependencies(/home/ikenna/videoSummarization/compute_pool_pkg/install/compute_pool/share/colcon-core/packages/compute_pool)
[23.887s] DEBUG:colcon.colcon_parallel_executor.executor.parallel:closing loop
[23.887s] DEBUG:colcon.colcon_parallel_executor.executor.parallel:loop closed
[23.888s] DEBUG:colcon.colcon_parallel_executor.executor.parallel:run_until_complete finished with '0'
[23.888s] DEBUG:colcon.colcon_core.event_reactor:joining thread
[23.896s] INFO:colcon.colcon_core.plugin_system:Skipping extension 'colcon_notification.desktop_notification.terminal_notifier': Not used on non-Darwin systems
[23.897s] INFO:colcon.colcon_core.plugin_system:Skipping extension 'colcon_notification.desktop_notification.win32': Not used on non-Windows systems
[23.897s] INFO:colcon.colcon_notification.desktop_notification:Sending desktop notification using 'notify2'
[23.914s] DEBUG:colcon.colcon_core.event_reactor:joined thread
[23.914s] INFO:colcon.colcon_core.shell:Creating prefix script '/home/ikenna/videoSummarization/compute_pool_pkg/install/local_setup.ps1'
[23.915s] INFO:colcon.colcon_core.shell:Creating prefix util module '/home/ikenna/videoSummarization/compute_pool_pkg/install/_local_setup_util_ps1.py'
[23.916s] INFO:colcon.colcon_core.shell:Creating prefix chain script '/home/ikenna/videoSummarization/compute_pool_pkg/install/setup.ps1'
[23.918s] INFO:colcon.colcon_core.shell:Creating prefix script '/home/ikenna/videoSummarization/compute_pool_pkg/install/local_setup.sh'
[23.919s] INFO:colcon.colcon_core.shell:Creating prefix util module '/home/ikenna/videoSummarization/compute_pool_pkg/install/_local_setup_util_sh.py'
[23.920s] INFO:colcon.colcon_core.shell:Creating prefix chain script '/home/ikenna/videoSummarization/compute_pool_pkg/install/setup.sh'
[23.922s] INFO:colcon.colcon_core.shell:Creating prefix script '/home/ikenna/videoSummarization/compute_pool_pkg/install/local_setup.bash'
[23.922s] INFO:colcon.colcon_core.shell:Creating prefix chain script '/home/ikenna/videoSummarization/compute_pool_pkg/install/setup.bash'
[23.924s] INFO:colcon.colcon_core.shell:Creating prefix script '/home/ikenna/videoSummarization/compute_pool_pkg/install/local_setup.zsh'
[23.925s] INFO:colcon.colcon_core.shell:Creating prefix chain script '/home/ikenna/videoSummarization/compute_pool_pkg/install/setup.zsh'
